2023-07-17 09:02:49,739 | WARNING | RUN SERVER
2023-07-17 09:02:57,847 | WARNING | Incorrect password
2023-07-17 09:03:05,327 | WARNING | Incorrect password
2023-07-17 09:03:11,321 | WARNING | User activate login in ID: 9
2023-07-17 09:04:41,960 | WARNING | RUN SERVER
2023-07-17 09:04:48,363 | WARNING | Login Jon
2023-07-17 09:04:48,374 | WARNING | User activate login in ID: 9
2023-07-17 09:05:04,192 | WARNING | User activate login in ID: 9
2023-07-17 09:05:06,985 | WARNING | User activate login in ID: 9
2023-07-17 09:26:21,965 | WARNING | RUN SERVER
2023-07-17 09:26:23,104 | WARNING | User activate login in ID: 9
2023-07-17 09:26:25,889 | WARNING | User activate login in ID: 9
2023-07-17 09:27:00,469 | WARNING | Login Jon
2023-07-17 09:27:00,480 | WARNING | User activate login in ID: 9
2023-07-17 09:27:27,612 | WARNING | User activate login in ID: 9
2023-07-17 09:34:57,602 | WARNING | RUN SERVER
2023-07-17 09:34:58,355 | WARNING | User activate login in ID: 9
2023-07-17 09:35:09,823 | WARNING | Login Jon
2023-07-17 09:35:09,834 | WARNING | User activate login in ID: 9
2023-07-17 09:36:01,793 | WARNING | User activate login in ID: 9
2023-07-17 09:36:48,819 | WARNING | User activate login in ID: 9
2023-07-17 09:37:14,476 | WARNING | User activate login in ID: 9
2023-07-17 09:38:20,075 | WARNING | RUN SERVER
2023-07-17 09:38:21,038 | WARNING | User activate login in ID: 9
2023-07-17 09:38:22,407 | WARNING | User activate login in ID: 9
2023-07-17 09:38:45,809 | WARNING | RUN SERVER
2023-07-17 09:38:46,327 | WARNING | User activate login in ID: 9
2023-07-17 09:55:44,783 | WARNING | RUN SERVER
2023-07-17 09:57:02,264 | WARNING | RUN SERVER
2023-07-17 09:57:07,590 | WARNING | Login Jon
2023-07-17 09:57:07,592 | WARNING | Incorrect password
2023-07-17 09:57:07,613 | WARNING | User activate login in ID: 9
2023-07-17 10:03:35,716 | WARNING | RUN SERVER
2023-07-17 10:04:02,012 | WARNING | RUN SERVER
2023-07-17 10:04:31,283 | WARNING | RUN SERVER
2023-07-17 10:06:42,742 | WARNING | RUN SERVER
2023-07-17 10:07:19,408 | WARNING | RUN SERVER
2023-07-17 10:08:40,434 | WARNING | RUN SERVER
2023-07-17 10:16:14,739 | WARNING | RUN SERVER
2023-07-17 10:16:16,900 | WARNING | User activate login in ID: 9
2023-07-17 10:16:38,598 | WARNING | RUN SERVER
2023-07-17 10:17:03,799 | WARNING | RUN SERVER
2023-07-17 10:17:31,823 | WARNING | RUN SERVER
2023-07-17 10:19:40,878 | WARNING | RUN SERVER
2023-07-17 10:19:43,665 | WARNING | Login Jon
2023-07-17 10:19:43,666 | WARNING | Incorrect password
2023-07-17 10:19:43,687 | WARNING | User activate login in ID: 9
2023-07-17 10:21:15,112 | WARNING | RUN SERVER
2023-07-17 10:21:19,450 | WARNING | User activate login in ID: 9
2023-07-17 10:21:26,331 | WARNING | Login Jon
2023-07-17 10:21:26,332 | WARNING | Incorrect password
2023-07-17 10:21:26,351 | WARNING | User activate login in ID: 9
2023-07-17 10:27:28,221 | WARNING | RUN SERVER
2023-07-17 10:27:29,373 | WARNING | User activate login in ID: 9
2023-07-17 10:29:03,451 | WARNING | RUN SERVER
2023-07-17 10:29:30,956 | WARNING | RUN SERVER
2023-07-17 10:30:54,719 | WARNING | RUN SERVER
2023-07-17 10:30:58,469 | WARNING | Login Jon
2023-07-17 10:30:58,470 | WARNING | Incorrect password
2023-07-17 10:31:38,512 | WARNING | RUN SERVER
2023-07-17 10:31:51,372 | WARNING | Login Jon
2023-07-17 10:31:51,373 | WARNING | Incorrect password
2023-07-17 10:32:12,052 | WARNING | RUN SERVER
2023-07-17 10:32:18,377 | WARNING | Login Jon
2023-07-17 10:32:18,378 | WARNING | Incorrect password
2023-07-17 10:44:58,674 | WARNING | RUN SERVER
2023-07-17 10:45:01,223 | WARNING | Login Jon
2023-07-17 10:45:01,235 | WARNING | User activate login in ID: 9
2023-07-17 10:45:13,089 | WARNING | Login q
2023-07-17 10:45:13,099 | WARNING | User activate login in ID: 10
2023-07-17 10:46:18,924 | WARNING | RUN SERVER
2023-07-17 10:46:20,574 | WARNING | User activate login in ID: 10
2023-07-17 10:46:32,378 | WARNING | Login q
2023-07-17 10:46:32,387 | WARNING | User activate login in ID: 10
2023-07-17 10:46:36,550 | WARNING | User activate login in ID: 10
2023-07-17 10:46:42,581 | WARNING | User activate login in ID: 10
2023-07-17 10:46:45,220 | WARNING | User activate login in ID: 10
2023-07-17 10:48:45,015 | WARNING | RUN SERVER
2023-07-17 10:48:52,222 | WARNING | User activate login in ID: 10
2023-07-17 10:48:54,450 | WARNING | User activate login in ID: 10
2023-07-17 10:49:03,708 | WARNING | Login q
2023-07-17 10:49:03,718 | WARNING | User activate login in ID: 10
2023-07-17 10:49:12,627 | WARNING | User activate login in ID: 10
2023-07-17 10:49:20,290 | WARNING | User activate login in ID: 10
2023-07-17 10:49:30,205 | WARNING | Login q
2023-07-17 10:49:30,218 | WARNING | User activate login in ID: 10
2023-07-17 10:49:31,340 | WARNING | User activate login in ID: 10
2023-07-17 10:49:33,634 | WARNING | User activate login in ID: 10
2023-07-17 10:52:01,213 | WARNING | RUN SERVER
2023-07-17 10:52:03,804 | WARNING | User activate login in ID: 10
2023-07-17 10:52:13,243 | WARNING | Login q
2023-07-17 10:52:13,253 | WARNING | User activate login in ID: 10
2023-07-17 10:52:14,660 | WARNING | User activate login in ID: 10
2023-07-17 10:52:19,920 | WARNING | User activate login in ID: 10
2023-07-17 10:52:21,131 | WARNING | User activate login in ID: 10
2023-07-17 10:52:25,545 | WARNING | User activate login in ID: 10
2023-07-17 10:52:36,874 | WARNING | Incorrect password
2023-07-17 10:52:41,647 | WARNING | Login q
2023-07-17 10:52:41,657 | WARNING | User activate login in ID: 10
2023-07-17 10:52:43,527 | WARNING | User activate login in ID: 10
2023-07-17 10:52:45,224 | WARNING | User activate login in ID: 10
2023-07-17 11:06:39,904 | WARNING | RUN SERVER
2023-07-17 11:06:57,714 | WARNING | Login q
2023-07-17 11:06:57,774 | WARNING | User activate login in ID: 10
2023-07-17 11:07:03,837 | WARNING | User activate login in ID: 10
2023-07-17 11:07:09,362 | WARNING | User activate login in ID: 10
2023-07-17 11:07:12,995 | WARNING | User activate login in ID: 10
2023-07-17 11:07:34,794 | WARNING | RUN SERVER
2023-07-17 11:07:37,341 | WARNING | Login q
2023-07-17 11:07:37,399 | WARNING | User activate login in ID: 10
2023-07-17 11:07:39,035 | WARNING | User activate login in ID: 10
2023-07-17 11:07:45,045 | WARNING | RUN SERVER
2023-07-17 11:09:26,258 | WARNING | RUN SERVER
2023-07-17 11:09:29,531 | WARNING | Login q
2023-07-17 11:09:29,546 | WARNING | User activate login in ID: 10
2023-07-17 11:09:35,583 | WARNING | RUN SERVER
2023-07-17 11:09:36,972 | WARNING | User activate login in ID: 10
2023-07-17 11:09:38,033 | WARNING | User activate login in ID: 10
2023-07-17 11:14:16,041 | WARNING | RUN SERVER
2023-07-17 11:14:17,611 | WARNING | User activate login in ID: 10
2023-07-17 11:14:21,734 | WARNING | Login q
2023-07-17 11:14:21,747 | WARNING | User activate login in ID: 10
2023-07-17 11:14:23,635 | WARNING | User activate login in ID: 10
2023-07-17 11:14:29,234 | WARNING | User activate login in ID: 10
2023-07-17 11:14:41,299 | WARNING | Login q
2023-07-17 11:14:41,309 | WARNING | User activate login in ID: 10
2023-07-17 11:14:43,158 | WARNING | User activate login in ID: 10
2023-07-17 11:14:46,321 | WARNING | User activate login in ID: 10
2023-07-17 11:16:09,194 | WARNING | RUN SERVER
2023-07-17 11:16:09,205 | WARNING | User activate login in ID: 10
2023-07-17 11:16:38,097 | WARNING | RUN SERVER
2023-07-17 11:16:52,364 | WARNING | RUN SERVER
2023-07-17 11:17:21,656 | WARNING | RUN SERVER
2023-07-17 11:37:49,918 | WARNING | RUN SERVER
2023-07-17 11:44:04,272 | WARNING | RUN SERVER
2023-07-17 11:44:32,548 | WARNING | RUN SERVER
2023-07-17 11:45:53,742 | WARNING | RUN SERVER
2023-07-17 11:46:15,943 | WARNING | RUN SERVER
2023-07-17 11:46:49,003 | WARNING | STOP SERVER
2023-07-17 11:46:52,872 | WARNING | RUN SERVER
2023-07-17 11:47:16,745 | WARNING | STOP SERVER
2023-07-17 11:47:20,194 | WARNING | RUN SERVER
2023-07-17 11:48:41,243 | WARNING | RUN SERVER
2023-07-17 12:06:11,775 | WARNING | RUN SERVER
2023-07-17 12:06:44,138 | WARNING | RUN SERVER
2023-07-17 12:28:17,906 | WARNING | RUN SERVER
